<?xml version="1.0" encoding="UTF-8"?>
<testng-results skipped="0" failed="0" ignored="0" total="1" passed="1">
  <reporter-output>
  </reporter-output>
  <suite name="Default suite" duration-ms="38406" started-at="2020-02-25T23:47:04Z" finished-at="2020-02-25T23:47:43Z">
    <groups>
    </groups>
    <test name="Default test" duration-ms="38406" started-at="2020-02-25T23:47:04Z" finished-at="2020-02-25T23:47:43Z">
      <class name="Academy.DemoProject.LoginPageTest">
        <test-method status="PASS" signature="initialize()[pri:0, instance:Academy.DemoProject.LoginPageTest@1d057a39]" name="initialize" is-config="true" duration-ms="5727" started-at="2020-02-25T23:47:04Z" finished-at="2020-02-25T23:47:10Z">
          <reporter-output>
          </reporter-output>
        </test-method> <!-- initialize -->
        <test-method status="PASS" signature="basePageNavigation()[pri:0, instance:Academy.DemoProject.LoginPageTest@1d057a39]" name="basePageNavigation" duration-ms="32665" started-at="2020-02-25T23:47:10Z" finished-at="2020-02-25T23:47:43Z">
          <reporter-output>
          </reporter-output>
        </test-method> <!-- basePageNavigation -->
      </class> <!-- Academy.DemoProject.LoginPageTest -->
    </test> <!-- Default test -->
  </suite> <!-- Default suite -->
</testng-results>
